2020-10-16 5:42:08 - PHP Notice:  Use of undefined constant IMAGE_PATH - assumed 'IMAGE_PATH' in D:\OpenServer\domains\ridmarket.ru\catalog\controller\product\search.php on line 195
2020-10-16 20:28:33 - PHP Warning:  Cannot modify header information - headers already sent by (output started at D:\OpenServer\domains\ridmarket.ru\config.php:2) in D:\OpenServer\domains\ridmarket.ru\catalog\controller\startup\session.php on line 25
2020-10-16 20:28:49 - PHP Warning:  Cannot modify header information - headers already sent by (output started at D:\OpenServer\domains\ridmarket.ru\config.php:2) in D:\OpenServer\domains\ridmarket.ru\catalog\controller\startup\session.php on line 25
2020-10-16 20:29:23 - PHP Warning:  Cannot modify header information - headers already sent by (output started at D:\OpenServer\domains\ridmarket.ru\config.php:2) in D:\OpenServer\domains\ridmarket.ru\catalog\controller\startup\session.php on line 25
2020-10-16 20:30:32 - PHP Warning:  Cannot modify header information - headers already sent by (output started at D:\OpenServer\domains\ridmarket.ru\config.php:2) in D:\OpenServer\domains\ridmarket.ru\catalog\controller\startup\session.php on line 25
2020-10-16 20:30:32 - PHP Warning:  Cannot modify header information - headers already sent by (output started at D:\OpenServer\domains\ridmarket.ru\config.php:2) in D:\OpenServer\domains\ridmarket.ru\catalog\controller\startup\startup.php on line 99
2020-10-16 20:30:32 - PHP Warning:  Cannot modify header information - headers already sent by (output started at D:\OpenServer\domains\ridmarket.ru\config.php:2) in D:\OpenServer\domains\ridmarket.ru\catalog\controller\startup\startup.php on line 157
2020-10-16 22:52:05 - PHP Notice:  Undefined variable: store_data in D:\OpenServer\domains\ridmarket.ru\admin\model\setting\store.php on line 56
2020-10-16 22:52:10 - PHP Notice:  Undefined variable: store_data in D:\OpenServer\domains\ridmarket.ru\admin\model\setting\store.php on line 56
2020-10-17 0:39:16 - PHP Notice:  Undefined variable: sql in D:\OpenServer\domains\ridmarket.ru\admin\model\catalog\category.php on line 361
2020-10-18 6:17:04 - PHP Notice:  Undefined index: user_token in D:\OpenServer\domains\ridmarket.ru\admin\controller\error\permission.php on line 12
2020-10-18 6:17:04 - PHP Notice:  Undefined index: user_token in D:\OpenServer\domains\ridmarket.ru\admin\controller\error\permission.php on line 17
2020-10-18 8:15:51 - PHP Notice:  getimagesize(): Read error! in D:\OpenServer\domains\ridmarket.ru\admin\model\tool\image.php on line 14
2020-10-18 8:17:48 - PHP Notice:  getimagesize(): Read error! in D:\OpenServer\domains\ridmarket.ru\admin\model\tool\image.php on line 14
2020-10-18 8:18:27 - PHP Notice:  getimagesize(): Read error! in D:\OpenServer\domains\ridmarket.ru\admin\model\tool\image.php on line 14
2020-10-18 8:35:30 - PHP Notice:  getimagesize(): Read error! in D:\OpenServer\domains\ridmarket.ru\catalog\model\tool\image.php on line 14
2020-10-18 8:35:47 - PHP Notice:  getimagesize(): Read error! in D:\OpenServer\domains\ridmarket.ru\catalog\model\tool\image.php on line 14
2020-10-18 8:37:32 - PHP Notice:  getimagesize(): Read error! in D:\OpenServer\domains\ridmarket.ru\catalog\model\tool\image.php on line 14
2020-10-18 9:40:41 - PHP Warning:  Missing argument 2 for Config::set(), called in D:\OpenServer\domains\ridmarket.ru\admin\model\update\b2b.php on line 29 and defined in D:\OpenServer\domains\ridmarket.ru\system\storage\modification\system\library\config.php on line 33
2020-10-18 9:40:41 - PHP Notice:  Undefined variable: value in D:\OpenServer\domains\ridmarket.ru\system\storage\modification\system\library\config.php on line 34
2020-10-18 9:40:59 - PHP Notice:  Array to string conversion in D:\OpenServer\domains\ridmarket.ru\admin\controller\update\b2b.php on line 15
2020-10-18 18:22:55 - PHP Notice:  Undefined variable: data in D:\OpenServer\domains\ridmarket.ru\system\engine\stack.php on line 52
2020-10-18 23:48:09 - PHP Notice:  Undefined property: DB::$get in D:\OpenServer\domains\ridmarket.ru\admin\model\update\category.php on line 90
2020-10-18 23:49:47 - PHP Notice:  Trying to get property of non-object in D:\OpenServer\domains\ridmarket.ru\admin\model\update\fora.php on line 85
2020-10-18 23:51:18 - PHP Notice:  Trying to get property of non-object in D:\OpenServer\domains\ridmarket.ru\admin\model\update\fora.php on line 85
2020-10-19 0:57:18 - PHP Notice:  Undefined variable: id in D:\OpenServer\domains\ridmarket.ru\admin\model\update\fora.php on line 88
2020-10-19 0:57:18 - PHP Notice:  Undefined variable: id in D:\OpenServer\domains\ridmarket.ru\admin\model\update\fora.php on line 88
2020-10-19 0:57:19 - PHP Notice:  Undefined variable: id in D:\OpenServer\domains\ridmarket.ru\admin\model\update\fora.php on line 88
2020-10-19 0:57:19 - PHP Notice:  Undefined variable: id in D:\OpenServer\domains\ridmarket.ru\admin\model\update\fora.php on line 88
2020-10-19 0:57:19 - PHP Notice:  Undefined variable: id in D:\OpenServer\domains\ridmarket.ru\admin\model\update\fora.php on line 88
2020-10-19 0:57:19 - PHP Notice:  Undefined variable: id in D:\OpenServer\domains\ridmarket.ru\admin\model\update\fora.php on line 88
2020-10-19 0:57:19 - PHP Notice:  Undefined variable: id in D:\OpenServer\domains\ridmarket.ru\admin\model\update\fora.php on line 88
2020-10-19 0:57:19 - PHP Notice:  Undefined variable: id in D:\OpenServer\domains\ridmarket.ru\admin\model\update\fora.php on line 88
2020-10-19 0:57:19 - PHP Notice:  Undefined variable: id in D:\OpenServer\domains\ridmarket.ru\admin\model\update\fora.php on line 88
2020-10-19 0:57:19 - PHP Notice:  Undefined variable: id in D:\OpenServer\domains\ridmarket.ru\admin\model\update\fora.php on line 88
2020-10-19 0:57:19 - PHP Notice:  Undefined variable: id in D:\OpenServer\domains\ridmarket.ru\admin\model\update\fora.php on line 88
2020-10-22 19:28:59 - PHP Notice:  getimagesize(): Read error! in D:\OpenServer\domains\ridmarket.ru\catalog\model\tool\image.php on line 14
2020-10-22 19:42:58 - PHP Notice:  getimagesize(): Read error! in D:\OpenServer\domains\ridmarket.ru\catalog\model\tool\image.php on line 14
2020-10-22 19:56:15 - PHP Notice:  getimagesize(): Read error! in D:\OpenServer\domains\ridmarket.ru\catalog\model\tool\image.php on line 14
2020-10-22 19:56:15 - PHP Notice:  getimagesize(): Read error! in D:\OpenServer\domains\ridmarket.ru\catalog\model\tool\image.php on line 14
2020-10-23 6:05:16 - PHP Notice:  getimagesize(): Read error! in D:\OpenServer\domains\ridmarket.ru\catalog\model\tool\image.php on line 14
2020-10-23 20:44:24 - PHP Notice:  getimagesize(): Read error! in D:\OpenServer\domains\ridmarket.ru\catalog\model\tool\image.php on line 14
2020-10-24 22:50:00 - PHP Notice:  getimagesize(): Read error! in D:\OpenServer\domains\ridmarket.ru\catalog\model\tool\image.php on line 14
2020-10-24 22:50:00 - PHP Notice:  getimagesize(): Read error! in D:\OpenServer\domains\ridmarket.ru\catalog\model\tool\image.php on line 14
2020-10-31 22:33:38 - PHP Notice:  getimagesize(): Read error! in D:\OpenServer\domains\ridmarket.ru\catalog\model\tool\image.php on line 14
2020-12-06 3:36:38 - PHP Warning:  unlink(D:\OpenServer\domains\ridmarket.ru\system/storage/cache/cache.catalog.language.1607229398): Permission denied in D:\OpenServer\domains\ridmarket.ru\system\library\cache\file.php on line 68
2020-12-08 4:34:36 - PHP Warning:  unlink(D:\OpenServer\domains\ridmarket.ru\system/storage/cache/cache.catalog.language.1607405675): Permission denied in D:\OpenServer\domains\ridmarket.ru\system\library\cache\file.php on line 68
2020-12-08 4:34:36 - PHP Warning:  Cannot modify header information - headers already sent by (output started at D:\OpenServer\domains\ridmarket.ru\system\framework.php:42) in D:\OpenServer\domains\ridmarket.ru\catalog\controller\startup\startup.php on line 99
2020-12-08 4:34:36 - PHP Warning:  Cannot modify header information - headers already sent by (output started at D:\OpenServer\domains\ridmarket.ru\system\framework.php:42) in D:\OpenServer\domains\ridmarket.ru\catalog\controller\startup\startup.php on line 157
2020-12-08 7:16:44 - PHP Notice:  getimagesize(): Read error! in D:\OpenServer\domains\ridmarket.ru\catalog\model\tool\image.php on line 14
2020-12-08 7:17:45 - PHP Notice:  getimagesize(): Read error! in D:\OpenServer\domains\ridmarket.ru\catalog\model\tool\image.php on line 14
2020-12-08 7:20:23 - PHP Notice:  getimagesize(): Read error! in D:\OpenServer\domains\ridmarket.ru\catalog\model\tool\image.php on line 14
2020-12-08 7:20:33 - PHP Notice:  getimagesize(): Read error! in D:\OpenServer\domains\ridmarket.ru\catalog\model\tool\image.php on line 14
2020-12-08 7:25:17 - PHP Notice:  getimagesize(): Read error! in D:\OpenServer\domains\ridmarket.ru\catalog\model\tool\image.php on line 14
2020-12-08 7:27:27 - PHP Notice:  getimagesize(): Read error! in D:\OpenServer\domains\ridmarket.ru\catalog\model\tool\image.php on line 14
2020-12-08 15:04:04 - PHP Notice:  Use of undefined constant CACHE_HOSTNAME - assumed 'CACHE_HOSTNAME' in D:\OpenServer\domains\ridmarket.ru\system\library\cache\mem.php on line 13
2020-12-08 15:04:04 - PHP Notice:  Use of undefined constant CACHE_PORT - assumed 'CACHE_PORT' in D:\OpenServer\domains\ridmarket.ru\system\library\cache\mem.php on line 13
2020-12-08 15:04:04 - PHP Warning:  Memcache::pconnect() expects parameter 2 to be long, string given in D:\OpenServer\domains\ridmarket.ru\system\library\cache\mem.php on line 13
2020-12-08 15:04:04 - PHP Warning:  Cannot modify header information - headers already sent by (output started at D:\OpenServer\domains\ridmarket.ru\system\framework.php:42) in D:\OpenServer\domains\ridmarket.ru\catalog\controller\startup\session.php on line 25
2020-12-08 15:04:04 - PHP Notice:  Use of undefined constant CACHE_PREFIX - assumed 'CACHE_PREFIX' in D:\OpenServer\domains\ridmarket.ru\system\library\cache\mem.php on line 17
2020-12-08 15:04:04 - PHP Warning:  MemcachePool::get(): No servers added to memcache connection in D:\OpenServer\domains\ridmarket.ru\system\library\cache\mem.php on line 17
2020-12-08 15:04:04 - PHP Notice:  Use of undefined constant CACHE_PREFIX - assumed 'CACHE_PREFIX' in D:\OpenServer\domains\ridmarket.ru\system\library\cache\mem.php on line 21
2020-12-08 15:04:04 - PHP Warning:  MemcachePool::set(): No servers added to memcache connection in D:\OpenServer\domains\ridmarket.ru\system\library\cache\mem.php on line 21
2020-12-08 15:04:04 - PHP Notice:  Use of undefined constant CACHE_PREFIX - assumed 'CACHE_PREFIX' in D:\OpenServer\domains\ridmarket.ru\system\library\cache\mem.php on line 17
2020-12-08 15:04:04 - PHP Warning:  MemcachePool::get(): No servers added to memcache connection in D:\OpenServer\domains\ridmarket.ru\system\library\cache\mem.php on line 17
2020-12-08 15:04:04 - PHP Notice:  Use of undefined constant CACHE_PREFIX - assumed 'CACHE_PREFIX' in D:\OpenServer\domains\ridmarket.ru\system\library\cache\mem.php on line 21
2020-12-08 15:04:04 - PHP Warning:  MemcachePool::set(): No servers added to memcache connection in D:\OpenServer\domains\ridmarket.ru\system\library\cache\mem.php on line 21
2020-12-08 15:04:04 - PHP Notice:  Use of undefined constant CACHE_PREFIX - assumed 'CACHE_PREFIX' in D:\OpenServer\domains\ridmarket.ru\system\library\cache\mem.php on line 17
2020-12-08 15:04:04 - PHP Warning:  MemcachePool::get(): No servers added to memcache connection in D:\OpenServer\domains\ridmarket.ru\system\library\cache\mem.php on line 17
2020-12-08 15:04:04 - PHP Notice:  Use of undefined constant CACHE_PREFIX - assumed 'CACHE_PREFIX' in D:\OpenServer\domains\ridmarket.ru\system\library\cache\mem.php on line 21
2020-12-08 15:04:04 - PHP Warning:  MemcachePool::set(): No servers added to memcache connection in D:\OpenServer\domains\ridmarket.ru\system\library\cache\mem.php on line 21
2020-12-08 15:04:04 - PHP Notice:  Use of undefined constant CACHE_PREFIX - assumed 'CACHE_PREFIX' in D:\OpenServer\domains\ridmarket.ru\system\library\cache\mem.php on line 17
2020-12-08 15:04:04 - PHP Warning:  MemcachePool::get(): No servers added to memcache connection in D:\OpenServer\domains\ridmarket.ru\system\library\cache\mem.php on line 17
2020-12-08 15:04:04 - PHP Notice:  Use of undefined constant CACHE_PREFIX - assumed 'CACHE_PREFIX' in D:\OpenServer\domains\ridmarket.ru\system\library\cache\mem.php on line 21
2020-12-08 15:04:04 - PHP Warning:  MemcachePool::set(): No servers added to memcache connection in D:\OpenServer\domains\ridmarket.ru\system\library\cache\mem.php on line 21
2020-12-08 15:22:57 - PHP Notice:  Undefined index: DOMAIN_NAME in D:\OpenServer\domains\ridmarket.ru\catalog\controller\common\header.php on line 29
2020-12-08 15:23:04 - PHP Notice:  Undefined index: DOMAIN in D:\OpenServer\domains\ridmarket.ru\catalog\controller\common\header.php on line 29
2020-12-08 15:41:44 - PHP Notice:  Undefined index: name in D:\OpenServer\domains\ridmarket.ru\admin\model\update\category.php on line 90
2020-12-08 15:41:44 - PHP Notice:  Undefined variable: category_id in D:\OpenServer\domains\ridmarket.ru\admin\model\update\category.php on line 96
2020-12-08 15:41:44 - PHP Notice:  Undefined index: name in D:\OpenServer\domains\ridmarket.ru\admin\model\update\category.php on line 105
2020-12-08 15:41:44 - PHP Notice:  Undefined index: name in D:\OpenServer\domains\ridmarket.ru\admin\model\update\category.php on line 107
2020-12-08 15:45:32 - PHP Notice:  Undefined variable: category_id in D:\OpenServer\domains\ridmarket.ru\admin\model\update\category.php on line 96
